<?xml version="1.0" encoding="UTF-8"?>
<testsuite xmlns:xsi="http://www.w3.org/2001/XMLSchema-instance" xsi:noNamespaceSchemaLocation="https://maven.apache.org/surefire/maven-surefire-plugin/xsd/surefire-test-report.xsd" name="TestSuite" time="20.828" tests="4" errors="0" skipped="3" failures="1">
  <properties>
[...]
</properties>
  <testcase name="setup" classname="com.selenium.tests.LoginTest" time="20.643">
    <failure message="Could not start a new session. Possible causes are invalid address of the remote server or browser start-up failure. &#10;Host info: host: &apos;AIDS210-13&apos;, ip: &apos;192.168.56.1&apos;" type="org.openqa.selenium.SessionNotCreatedException">org.openqa.selenium.SessionNotCreatedException: 
Could not start a new session. Possible causes are invalid address of the remote server or browser start-up failure. 
Host info: host: 'AIDS210-13', ip: '192.168.56.1'
	at com.selenium.tests.LoginTest.setup(LoginTest.java:21)
Caused by: org.openqa.selenium.WebDriverException: 
Timed out waiting for driver process to start.
Build info: version: '4.11.0', revision: '040bc5406b'
System info: os.name: 'Windows 11', os.arch: 'amd64', os.version: '10.0', java.version: '21.0.6'
Driver info: driver.version: ChromeDriver
	at com.selenium.tests.LoginTest.setup(LoginTest.java:21)
</failure>
    <system-err><![CDATA[SLF4J: Failed to load class "org.slf4j.impl.StaticLoggerBinder".
SLF4J: Defaulting to no-operation (NOP) logger implementation
SLF4J: See http://www.slf4j.org/codes.html#StaticLoggerBinder for further details.
]]></system-err>
  </testcase>
  <testcase name="testExample" classname="com.selenium.AppTest" time="0">
    <skipped message="Could not start a new session. Possible causes are invalid address of the remote server or browser start-up failure. &#10;Host info: host: &apos;AIDS210-13&apos;, ip: &apos;192.168.56.1&apos;"/>
  </testcase>
  <testcase name="testLogin" classname="com.selenium.tests.LoginTest" time="0">
    <skipped message="Could not start a new session. Possible causes are invalid address of the remote server or browser start-up failure. &#10;Host info: host: &apos;AIDS210-13&apos;, ip: &apos;192.168.56.1&apos;"/>
  </testcase>
  <testcase name="tearDown" classname="com.selenium.tests.LoginTest" time="0">
    <skipped/>
  </testcase>
</testsuite>